<?xml version="1.0" encoding="UTF-8"?>
<!-- Generated by org.testng.reporters.JUnitReportReporter -->
<testsuite hostname="DESKTOP-MP8OG4E" failures="0" tests="2" name="testNg.groupClass" time="0.013" errors="0" timestamp="2021-01-15T01:00:30 EST" skipped="0">
  <testcase classname="testNg.groupClass" name="login" time="0.011"/>
  <system-out/>
  <testcase classname="testNg.groupClass" name="task2" time="0.002"/>
  <system-out/>
</testsuite> <!-- testNg.groupClass -->
