<?xml version="1.0" encoding="UTF-8"?>
<!-- Generated by org.testng.reporters.JUnitReportReporter -->
<testsuite hostname="DESKTOP-MP8OG4E" failures="0" tests="6" name="testNg.SecondClass" time="0.031" errors="0" timestamp="2021-01-15T00:39:58 EST" skipped="0">
  <testcase classname="testNg.SecondClass" name="setup" time="0.011"/>
  <system-out/>
  <testcase classname="testNg.SecondClass" name="login" time="0.004"/>
  <system-out/>
  <testcase classname="testNg.SecondClass" name="register" time="0.003"/>
  <system-out/>
  <testcase classname="testNg.SecondClass" name="task2" time="0.004"/>
  <system-out/>
  <testcase classname="testNg.SecondClass" name="task1" time="0.003"/>
  <system-out/>
  <testcase classname="testNg.SecondClass" name="tearDown" time="0.006"/>
  <system-out/>
</testsuite> <!-- testNg.SecondClass -->
