<?xml version="1.0" encoding="UTF-8"?>
<!-- Generated by org.testng.reporters.JUnitReportReporter -->
<testsuite hostname="DESKTOP-MP8OG4E" failures="0" tests="6" name="testNg.dependencyClass" time="0.024" errors="0" timestamp="2021-01-15T00:46:19 EST" skipped="0">
  <testcase classname="testNg.dependencyClass" name="login" time="0.002"/>
  <system-out/>
  <testcase classname="testNg.dependencyClass" name="setup" time="0.013"/>
  <system-out/>
  <testcase classname="testNg.dependencyClass" name="register" time="0.002"/>
  <system-out/>
  <testcase classname="testNg.dependencyClass" name="task2" time="0.002"/>
  <system-out/>
  <testcase classname="testNg.dependencyClass" name="task1" time="0.003"/>
  <system-out/>
  <testcase classname="testNg.dependencyClass" name="tearDown" time="0.002"/>
  <system-out/>
</testsuite> <!-- testNg.dependencyClass -->
