<?xml version="1.0" encoding="UTF-8"?>
<!-- Generated by org.testng.reporters.JUnitReportReporter -->
<testsuite hostname="DESKTOP-MP8OG4E" failures="0" tests="3" name="testNg.FirstClass" time="0.012" errors="0" timestamp="2021-01-15T00:24:52 EST" skipped="0">
  <testcase classname="testNg.FirstClass" name="setup" time="0.003"/>
  <system-out/>
  <testcase classname="testNg.FirstClass" name="tearDown" time="0.002"/>
  <system-out/>
  <testcase classname="testNg.FirstClass" name="login" time="0.007"/>
  <system-out/>
</testsuite> <!-- testNg.FirstClass -->
