<?xml version="1.0" encoding="UTF-8"?>
<!-- Generated by org.testng.reporters.JUnitReportReporter -->
<testsuite hostname="DESKTOP-MP8OG4E" failures="0" tests="2" name="testNg.PerallelTest" time="0.158" errors="0" timestamp="2021-01-15T23:48:54 EST" skipped="0">
  <testcase classname="testNg.PerallelTest" name="testTitle" time="0.016"/>
  <system-out/>
  <testcase classname="testNg.PerallelTest" name="testLogo" time="0.142"/>
  <system-out/>
</testsuite> <!-- testNg.PerallelTest -->
